{"name": "test_002", "status": "failed", "statusDetails": {"message": "AssertionError: assert 0", "trace": "self = <test_jenkins.TestJenkins object at 0x7f91013f8320>\n\n    def test_002(self):\n>       assert 0\nE       assert 0\n\nscripts/test_jenkins.py:7: AssertionError"}, "start": 1613270761245, "stop": 1613270761245, "uuid": "90f6a087-af76-4e97-87d6-cd514dec2602", "historyId": "2a9082575bc1baffdfb2bdb2f56a20e4", "testCaseId": "08d35282f7260750de5de7a47370bb6e", "fullName": "scripts.test_jenkins.TestJenkins#test_002", "labels": [{"name": "parentSuite", "value": "scripts"}, {"name": "suite", "value": "test_jenkins"}, {"name": "subSuite", "value": "TestJenkins"}, {"name": "host", "value": "zhaimeidembp"}, {"name": "thread", "value": "5256-MainThread"}, {"name": "framework", "value": "pytest"}, {"name": "language", "value": "cpython3"}, {"name": "package", "value": "scripts.test_jenkins"}]}